# JRE version: OpenJDK Runtime Environment Temurin-21.0.5+11 (21.0.5+11) (build 21.0.5+11-LTS)
# Java VM: OpenJDK 64-Bit Server VM Temurin-21.0.5+11 (21.0.5+11-LTS, mixed mode, sharing, tiered, compressed oops, compressed class ptrs, g1 gc, windows-amd64)
GC Precious Log:
 CardTable entry size: 512
 Card Set container configuration: InlinePtr #cards 5 size 8 Array Of Cards #cards 12 size 40 Howl #buckets 4 coarsen threshold 1843 Howl Bitmap #cards 512 size 80 coarsen threshold 460 Card regions per heap region 1 cards per card region 2048
 CPUs: 4 total, 4 available
 Memory: 3345M
 Large Page Support: Disabled
 NUMA Support: Disabled
 Compressed Oops: Enabled (32-bit)
 Heap Region Size: 1M
 Heap Min Capacity: 8M
 Heap Initial Capacity: 54M
 Heap Max Capacity: 2G
 Pre-touch: Disabled
 Parallel Workers: 4
 Concurrent Workers: 1
 Concurrent Refinement Workers: 4
 Periodic GC: Disabled
Heap:
 garbage-first heap   total 235520K, used 199161K [0x0000000080000000, 0x0000000100000000)
  region size 1024K, 60 young (61440K), 9 survivors (9216K)
 Metaspace       used 119703K, committed 122176K, reserved 1179648K
  class space    used 15827K, committed 17088K, reserved 1048576K
GC Heap History (20 events):
Event: 89.180 GC heap before
{Heap before GC invocations=58 (full 0):
 garbage-first heap   total 147456K, used 135663K [0x0000000080000000, 0x0000000100000000)
  region size 1024K, 44 young (45056K), 2 survivors (2048K)
 Metaspace       used 85056K, committed 87104K, reserved 1179648K
  class space    used 11931K, committed 12992K, reserved 1048576K
}
Event: 89.201 GC heap after
{Heap after GC invocations=59 (full 0):
 garbage-first heap   total 177152K, used 93567K [0x0000000080000000, 0x0000000100000000)
  region size 1024K, 3 young (3072K), 3 survivors (3072K)
 Metaspace       used 85056K, committed 87104K, reserved 1179648K
  class space    used 11931K, committed 12992K, reserved 1048576K
}
Event: 107.008 GC heap before
{Heap before GC invocations=60 (full 0):
 garbage-first heap   total 177152K, used 161151K [0x0000000080000000, 0x0000000100000000)
  region size 1024K, 70 young (71680K), 3 survivors (3072K)
 Metaspace       used 85539K, committed 87616K, reserved 1179648K
  class space    used 11983K, committed 13056K, reserved 1048576K
}
Event: 107.065 GC heap after
{Heap after GC invocations=61 (full 0):
 garbage-first heap   total 177152K, used 95750K [0x0000000080000000, 0x0000000100000000)
  region size 1024K, 5 young (5120K), 5 survivors (5120K)
 Metaspace       used 85539K, committed 87616K, reserved 1179648K
  class space    used 11983K, committed 13056K, reserved 1048576K
}
Event: 112.242 GC heap before
{Heap before GC invocations=61 (full 0):
 garbage-first heap   total 177152K, used 168454K [0x0000000080000000, 0x0000000100000000)
  region size 1024K, 69 young (70656K), 5 survivors (5120K)
 Metaspace       used 95391K, committed 97600K, reserved 1179648K
  class space    used 13177K, committed 14272K, reserved 1048576K
}
Event: 112.313 GC heap after
{Heap after GC invocations=62 (full 0):
 garbage-first heap   total 177152K, used 102180K [0x0000000080000000, 0x0000000100000000)
  region size 1024K, 5 young (5120K), 5 survivors (5120K)
 Metaspace       used 95391K, committed 97600K, reserved 1179648K
  class space    used 13177K, committed 14272K, reserved 1048576K
}
Event: 113.168 GC heap before
{Heap before GC invocations=62 (full 0):
 garbage-first heap   total 177152K, used 160548K [0x0000000080000000, 0x0000000100000000)
  region size 1024K, 62 young (63488K), 5 survivors (5120K)
 Metaspace       used 95525K, committed 97728K, reserved 1179648K
  class space    used 13182K, committed 14272K, reserved 1048576K
}
Event: 113.256 GC heap after
{Heap after GC invocations=63 (full 0):
 garbage-first heap   total 183296K, used 112376K [0x0000000080000000, 0x0000000100000000)
  region size 1024K, 8 young (8192K), 8 survivors (8192K)
 Metaspace       used 95525K, committed 97728K, reserved 1179648K
  class space    used 13182K, committed 14272K, reserved 1048576K
}
Event: 114.172 GC heap before
{Heap before GC invocations=63 (full 0):
 garbage-first heap   total 183296K, used 143096K [0x0000000080000000, 0x0000000100000000)
  region size 1024K, 38 young (38912K), 8 survivors (8192K)
 Metaspace       used 95535K, committed 97728K, reserved 1179648K
  class space    used 13182K, committed 14272K, reserved 1048576K
}
Event: 114.214 GC heap after
{Heap after GC invocations=64 (full 0):
 garbage-first heap   total 183296K, used 122368K [0x0000000080000000, 0x0000000100000000)
  region size 1024K, 5 young (5120K), 5 survivors (5120K)
 Metaspace       used 95535K, committed 97728K, reserved 1179648K
  class space    used 13182K, committed 14272K, reserved 1048576K
}
Event: 120.475 GC heap before
{Heap before GC invocations=65 (full 0):
 garbage-first heap   total 204800K, used 168448K [0x0000000080000000, 0x0000000100000000)
  region size 1024K, 43 young (44032K), 5 survivors (5120K)
 Metaspace       used 98998K, committed 101120K, reserved 1179648K
  class space    used 13588K, committed 14656K, reserved 1048576K
}
Event: 120.486 GC heap after
{Heap after GC invocations=66 (full 0):
 garbage-first heap   total 204800K, used 133632K [0x0000000080000000, 0x0000000100000000)
  region size 1024K, 4 young (4096K), 4 survivors (4096K)
 Metaspace       used 98998K, committed 101120K, reserved 1179648K
  class space    used 13588K, committed 14656K, reserved 1048576K
}
Event: 122.228 GC heap before
{Heap before GC invocations=66 (full 0):
 garbage-first heap   total 204800K, used 181760K [0x0000000080000000, 0x0000000100000000)
  region size 1024K, 51 young (52224K), 4 survivors (4096K)
 Metaspace       used 103954K, committed 106112K, reserved 1179648K
  class space    used 14017K, committed 15104K, reserved 1048576K
}
Event: 122.239 GC heap after
{Heap after GC invocations=67 (full 0):
 garbage-first heap   total 204800K, used 136884K [0x0000000080000000, 0x0000000100000000)
  region size 1024K, 7 young (7168K), 7 survivors (7168K)
 Metaspace       used 103954K, committed 106112K, reserved 1179648K
  class space    used 14017K, committed 15104K, reserved 1048576K
}
Event: 123.994 GC heap before
{Heap before GC invocations=67 (full 0):
 garbage-first heap   total 204800K, used 185012K [0x0000000080000000, 0x0000000100000000)
  region size 1024K, 54 young (55296K), 7 survivors (7168K)
 Metaspace       used 109554K, committed 112064K, reserved 1179648K
  class space    used 14734K, committed 16000K, reserved 1048576K
}
Event: 124.006 GC heap after
{Heap after GC invocations=68 (full 0):
 garbage-first heap   total 204800K, used 140547K [0x0000000080000000, 0x0000000100000000)
  region size 1024K, 4 young (4096K), 4 survivors (4096K)
 Metaspace       used 109554K, committed 112064K, reserved 1179648K
  class space    used 14734K, committed 16000K, reserved 1048576K
}
Event: 126.180 GC heap before
{Heap before GC invocations=69 (full 0):
 garbage-first heap   total 235520K, used 188675K [0x0000000080000000, 0x0000000100000000)
  region size 1024K, 50 young (51200K), 4 survivors (4096K)
 Metaspace       used 113426K, committed 115904K, reserved 1179648K
  class space    used 15213K, committed 16448K, reserved 1048576K
}
Event: 126.193 GC heap after
{Heap after GC invocations=70 (full 0):
 garbage-first heap   total 235520K, used 142644K [0x0000000080000000, 0x0000000100000000)
  region size 1024K, 6 young (6144K), 6 survivors (6144K)
 Metaspace       used 113426K, committed 115904K, reserved 1179648K
  class space    used 15213K, committed 16448K, reserved 1048576K
}
Event: 130.665 GC heap before
{Heap before GC invocations=70 (full 0):
 garbage-first heap   total 235520K, used 209204K [0x0000000080000000, 0x0000000100000000)
  region size 1024K, 71 young (72704K), 6 survivors (6144K)
 Metaspace       used 115924K, committed 118400K, reserved 1179648K
  class space    used 15469K, committed 16704K, reserved 1048576K
}
Event: 130.687 GC heap after
{Heap after GC invocations=71 (full 0):
 garbage-first heap   total 235520K, used 147961K [0x0000000080000000, 0x0000000100000000)
  region size 1024K, 9 young (9216K), 9 survivors (9216K)
 Metaspace       used 115924K, committed 118400K, reserved 1179648K
  class space    used 15469K, committed 16704K, reserved 1048576K
}

